\BOOKMARK [2][]{subsection.0.1}{\376\377\133\236\232\214\142\245\124\112\154\350\141\017\116\213\230\171}{}% 1
\BOOKMARK [1][]{Item.6}{\376\377\230\204\116\140\142\245\124\112}{}% 2
\BOOKMARK [2][]{subsection.1.1}{\376\377\133\236\232\214\166\356\166\204}{Item.6}% 3
\BOOKMARK [2][]{subsection.1.2}{\376\377\133\236\232\214\165\050\121\167}{Item.6}% 4
\BOOKMARK [2][]{subsection.1.3}{\376\377\123\237\164\006\151\202\217\360}{Item.6}% 5
\BOOKMARK [2][]{subsection.1.4}{\376\377\133\236\232\214\122\115\140\035\200\003\230\230}{Item.6}% 6
\BOOKMARK [3][]{subsubsection.1.4.1}{\376\377\133\236\232\214\166\356\166\204\116\000}{subsection.1.4}% 7
\BOOKMARK [3][]{subsubsection.1.4.2}{\376\377\133\236\232\214\166\356\166\204\0003\170\301\127\072}{subsection.1.4}% 8
\BOOKMARK [3][]{subsubsection.1.4.3}{\376\377\133\236\232\214\166\356\166\204\000\040\0003\000\040\116\113\165\065\170\301\155\113\221\317}{subsection.1.4}% 9
\BOOKMARK [1][]{paragraph*.23}{\376\377\133\236\232\214\213\260\137\125}{}% 10
\BOOKMARK [2][]{subsection.2.1}{\376\377\171\321\133\146\225\356\230\230\220\011\230\230}{paragraph*.23}% 11
\BOOKMARK [2][]{subsection.2.2}{\376\377\133\236\232\214\121\205\133\271\060\001\153\145\232\244\060\001\176\323\147\234}{paragraph*.23}% 12
\BOOKMARK [3][]{subsubsection.2.2.1}{\376\377\230\230\116\000\153\145\232\244}{subsection.2.2}% 13
\BOOKMARK [3][]{subsubsection.2.2.2}{\376\377\230\230\116\214\153\145\232\244}{subsection.2.2}% 14
\BOOKMARK [2][]{subsection.2.3}{\376\377\133\236\232\214\217\307\172\013\220\107\122\060\166\204\225\356\230\230}{paragraph*.23}% 15
\BOOKMARK [1][]{paragraph*.26}{\376\377\122\006\147\220\116\016\213\250\213\272}{}% 16
\BOOKMARK [2][]{subsection.3.1}{\376\377\122\006\147\220\116\016\213\250\213\272}{paragraph*.26}% 17
\BOOKMARK [3][]{subsubsection.3.1.1}{\376\377\133\236\232\214\144\315\117\134\116\016\145\160\143\156\131\004\164\006\124\214\122\006\147\220}{subsection.3.1}% 18
\BOOKMARK [3][]{subsubsection.3.1.2}{\376\377\171\321\133\146\225\356\230\230\0001\377\032\215\205\133\374\163\260\214\141\146\057\124\046\123\206\123\362\166\370\121\163\377\010\131\202\121\110\226\115\156\051\124\016\122\240\127\072\142\026\121\110\122\240\127\072\124\016\226\115\156\051\377\011\377\037}{subsection.3.1}% 19
\BOOKMARK [3][]{subsubsection.3.1.3}{\376\377\171\321\133\146\225\356\230\230\0002\000:\131\026\170\301\127\072\131\202\117\125\137\161\124\315\215\205\133\374\217\154\123\330\145\366\170\301\123\026\163\207\226\217\156\051\136\246\166\204\121\163\174\373\000[\123\005\142\354\377\010\000\040\000T\000c\377\011\124\214\142\227\170\301\140\047\377\010\000\050\000\051\000\040\000]\377\037}{subsection.3.1}% 20
\BOOKMARK [3][]{subsubsection.3.1.4}{\376\377\147\054\133\236\232\214\131\202\117\125\122\044\145\255\137\205\155\113\150\067\124\301\146\057\124\046\215\205\133\374\377\037\143\320\171\072\377\032\215\205\133\374\117\123\166\204\116\044\116\052\127\372\147\054\162\171\140\047\146\057\000\040\116\300\116\110\377\037}{subsection.3.1}% 21
\BOOKMARK [3][]{subsubsection.3.1.5}{\376\377\147\054\133\236\232\214\131\202\117\125\122\044\145\255\137\205\155\113\150\067\124\301\166\204\215\205\133\374\140\001\146\057\124\046\160\355\122\233\133\146\162\266\140\001\377\037\000\040}{subsection.3.1}% 22
\BOOKMARK [3][]{subsubsection.3.1.6}{\376\377\127\050\170\301\123\026\163\207\133\232\150\007\122\115\377\014\131\202\117\125\142\212\155\113\221\317\153\041\176\247\176\277\127\010\166\204\165\065\123\213\117\341\123\367\217\154\143\142\116\072\170\301\123\026\163\207\377\010\166\370\124\014\166\204\221\317\176\262\377\011}{subsection.3.1}% 23
\BOOKMARK [1][]{appendix.A}{\376\377\215\041\163\056\213\364\146\016}{}% 24
